Exception in thread 1 "main" java.lang.NullPointerException                     
at com.example.myproject.Book.getTitle(Book.java:16)                     
at com.example.myproject.Author.getBookTitles(Author.java:25)                     
at com.example.myproject.Bootstrap.main(Bootstrap.java:14)
Exception in thread 1 "core" java.lang.NullPointerException                     
at com.example.myproject.Book.getTitle(Book.java:19)                     
at com.example.myproject.Author.getBookTitles(Author.java:25)                     
at com.example.myproject.Bootstrap.main(Bootstrap.java:26)
Exception in thread 1 "prod" java.lang.NullPointerException                     
at com.example.myproject.Book.getTitle(Book.java:20)                     
at com.example.myproject.Author.getBookTitles(Author.java:25)                     
at com.example.myproject.Bootstrap.main(Bootstrap.java:26)
Exception in thread 1 "prod" java.lang.NullPointerException                     
at com.example.myproject.Book.getTitle(Book.java:20)                     
at com.example.myproject.Author.getBookTitles(Author.java:25)                     
at com.example.myproject.Bootstrap.main(Bootstrap.java:26)
Exception in thread 1 "prod" java.lang.NullPointerException                     
at com.example.myproject.Book.getTitle(Book.java:20)                     
at com.example.myproject.Author.getBookTitles(Author.java:25)                     
at com.example.myproject.Bootstrap.main(Bootstrap.java:26)Exception in thread 1 "prod" java.lang.NullPointerException
at com.example.myproject.Book.getTitle(Book.java:20)
at com.example.myproject.Author.getBookTitles(Author.java:25)
at com.example.myproject.Bootstrap.main(Bootstrap.java:26)
Exception in thread 1 "prod" java.lang.NullPointerException
at com.example.myproject.Book.getTitle(Book.java:20)
at com.example.myproject.Author.getBookTitles(Author.java:25)
at com.example.myproject.Bootstrap.main(Bootstrap.java:26)
Exception in thread 1 "prod" java.lang.NullPointerException
at com.example.myproject.Book.getTitle(Book.java:20)
at com.example.myproject.Author.getBookTitles(Author.java:25)
at com.example.myproject.Bootstrap.main(Bootstrap.java:26)
Exception in thread 1 "prod" java.lang.NullPointerException
at com.example.myproject.Book.getTitle(Book.java:20)
at com.example.myproject.Author.getBookTitles(Author.java:25)
at com.example.myproject.Bootstrap.main(Bootstrap.java:26)
Exception in thread 1 "prod" java.lang.NullPointerException
at com.example.myproject.Book.getTitle(Book.java:20)
at com.example.myproject.Author.getBookTitles(Author.java:25)
at com.example.myproject.Bootstrap.main(Bootstrap.java:26)
Exception in thread 1 "prod" java.lang.NullPointerException
at com.example.myproject.Book.getTitle(Book.java:20)
at com.example.myproject.Author.getBookTitles(Author.java:25)
at com.example.myproject.Bootstrap.main(Bootstrap.java:26)
Exception in thread 1 "prod" java.lang.NullPointerException
at com.example.myproject.Book.getTitle(Book.java:20)
at com.example.myproject.Author.getBookTitles(Author.java:25)
at com.example.myproject.Bootstrap.main(Bootstrap.java:26)
Exception in thread 1 "prod" java.lang.NullPointerException
at com.example.myproject.Book.getTitle(Book.java:20)
at com.example.myproject.Author.getBookTitles(Author.java:25)
at com.example.myproject.Bootstrap.main(Bootstrap.java:26)
Exception in thread 1 "prod" java.lang.NullPointerException
at com.example.myproject.Book.getTitle(Book.java:20)
at com.example.myproject.Author.getBookTitles(Author.java:25)
at com.example.myproject.Bootstrap.main(Bootstrap.java:26)
Exception in thread 1 "prod" java.lang.NullPointerException
at com.example.myproject.Book.getTitle(Book.java:20)
at com.example.myproject.Author.getBookTitles(Author.java:25)
at com.example.myproject.Bootstrap.main(Bootstrap.java:26)
Exception in thread 1 "prod" java.lang.NullPointerException
at com.example.myproject.Book.getTitle(Book.java:20)
at com.example.myproject.Author.getBookTitles(Author.java:25)
at com.example.myproject.Bootstrap.main(Bootstrap.java:26)
Exception in thread 1 "prod" java.lang.NullPointerException
at com.example.myproject.Book.getTitle(Book.java:20)
at com.example.myproject.Author.getBookTitles(Author.java:25)
at com.example.myproject.Bootstrap.main(Bootstrap.java:26)
Exception in thread 1 "prod" java.lang.NullPointerException
at com.example.myproject.Book.getTitle(Book.java:20)
at com.example.myproject.Author.getBookTitles(Author.java:25)
at com.example.myproject.Bootstrap.main(Bootstrap.java:26)
Exception in thread 1 "prod" java.lang.NullPointerException
at com.example.myproject.Book.getTitle(Book.java:20)
at com.example.myproject.Author.getBookTitles(Author.java:25)
at com.example.myproject.Bootstrap.main(Bootstrap.java:26)
Exception in thread 1 "prod" java.lang.NullPointerException
at com.example.myproject.Book.getTitle(Book.java:20)
at com.example.myproject.Author.getBookTitles(Author.java:25)
at com.example.myproject.Bootstrap.main(Bootstrap.java:26)
Exception in thread 1 "prod" java.lang.NullPointerException
at com.example.myproject.Book.getTitle(Book.java:20)
at com.example.myproject.Author.getBookTitles(Author.java:25)
at com.example.myproject.Bootstrap.main(Bootstrap.java:26)
Exception in thread 1 "prod" java.lang.NullPointerException
at com.example.myproject.Book.getTitle(Book.java:20)
at com.example.myproject.Author.getBookTitles(Author.java:25)
at com.example.myproject.Bootstrap.main(Bootstrap.java:26)
Exception in thread 1 "prod" java.lang.NullPointerException
at com.example.myproject.Book.getTitle(Book.java:20)
at com.example.myproject.Author.getBookTitles(Author.java:25)
at com.example.myproject.Bootstrap.main(Bootstrap.java:26)
Exception in thread 1 "prod" java.lang.NullPointerException
at com.example.myproject.Book.getTitle(Book.java:20)
at com.example.myproject.Author.getBookTitles(Author.java:25)
at com.example.myproject.Bootstrap.main(Bootstrap.java:26)
Exception in thread 1 "prod" java.lang.NullPointerException
at com.example.myproject.Book.getTitle(Book.java:20)
at com.example.myproject.Author.getBookTitles(Author.java:25)
at com.example.myproject.Bootstrap.main(Bootstrap.java:26)
Exception in thread 1 "prod" java.lang.NullPointerException
at com.example.myproject.Book.getTitle(Book.java:20)
at com.example.myproject.Author.getBookTitles(Author.java:25)
at com.example.myproject.Bootstrap.main(Bootstrap.java:26)
Exception in thread 1 "prod" java.lang.NullPointerException
at com.example.myproject.Book.getTitle(Book.java:20)
at com.example.myproject.Author.getBookTitles(Author.java:25)
at com.example.myproject.Bootstrap.main(Bootstrap.java:26)
Exception in thread 1 "prod" java.lang.NullPointerException
at com.example.myproject.Book.getTitle(Book.java:20)
at com.example.myproject.Author.getBookTitles(Author.java:25)
at com.example.myproject.Bootstrap.main(Bootstrap.java:26)
Exception in thread 1 "prod" java.lang.NullPointerException
at com.example.myproject.Book.getTitle(Book.java:20)
at com.example.myproject.Author.getBookTitles(Author.java:25)
at com.example.myproject.Bootstrap.main(Bootstrap.java:26)
Exception in thread 1 "prod" java.lang.NullPointerException
at com.example.myproject.Book.getTitle(Book.java:20)
at com.example.myproject.Author.getBookTitles(Author.java:25)
at com.example.myproject.Bootstrap.main(Bootstrap.java:26)
Exception in thread 1 "prod" java.lang.NullPointerException
at com.example.myproject.Book.getTitle(Book.java:20)
at com.example.myproject.Author.getBookTitles(Author.java:25)
at com.example.myproject.Bootstrap.main(Bootstrap.java:26)
Exception in thread 1 "prod" java.lang.NullPointerException
at com.example.myproject.Book.getTitle(Book.java:20)
at com.example.myproject.Author.getBookTitles(Author.java:25)
at com.example.myproject.Bootstrap.main(Bootstrap.java:26)
Exception in thread 1 "prod" java.lang.NullPointerException
at com.example.myproject.Book.getTitle(Book.java:20)
at com.example.myproject.Author.getBookTitles(Author.java:25)
at com.example.myproject.Bootstrap.main(Bootstrap.java:26)
